This file contains any messages produced by compilers while
running configure, to aid debugging if configure makes a mistake.

It was created by gimp-plugin-template configure 2.2.0, which was
generated by GNU Autoconf 2.59.  Invocation command line was

  $ ./configure 

## --------- ##
## Platform. ##
## --------- ##

hostname = hurkle
uname -m = i686
uname -r = 2.6.38-8-generic
uname -s = Linux
uname -v = #42-Ubuntu SMP Mon Apr 11 03:31:50 UTC 2011

/usr/bin/uname -p = unknown
/bin/uname -X     = unknown

/bin/arch              = unknown
/usr/bin/arch -k       = unknown
/usr/convex/getsysinfo = unknown
hostinfo               = unknown
/bin/machine           = unknown
/usr/bin/oslevel       = unknown
/bin/universe          = unknown

PATH: /home/rehana/bin
PATH: /usr/local/sbin
PATH: /usr/local/bin
PATH: /usr/sbin
PATH: /usr/bin
PATH: /sbin
PATH: /bin
PATH: /usr/games
PATH: //home/rehana/bin


## ----------- ##
## Core tests. ##
## ----------- ##

configure:1383: checking for a BSD-compatible install
configure:1438: result: /usr/bin/install -c
configure:1449: checking whether build environment is sane
configure:1492: result: yes
configure:1525: checking for gawk
configure:1554: result: no
configure:1525: checking for mawk
configure:1541: found /usr/bin/mawk
configure:1551: result: mawk
configure:1561: checking whether make sets $(MAKE)
configure:1581: result: yes
configure:1749: checking for style of include used by make
configure:1777: result: GNU
configure:1848: checking for gcc
configure:1864: found /usr/bin/gcc
configure:1874: result: gcc
configure:2118: checking for C compiler version
configure:2121: gcc --version </dev/null >&5
gcc (Ubuntu/Linaro 4.5.2-8ubuntu4) 4.5.2
Copyright (C) 2010 Free Software Foundation, Inc.
This is free software; see the source for copying conditions.  There is NO
warranty; not even for MERCHANTABILITY or FITNESS FOR A PARTICULAR PURPOSE.

configure:2124: $? = 0
configure:2126: gcc -v </dev/null >&5
Using built-in specs.
COLLECT_GCC=gcc
COLLECT_LTO_WRAPPER=/usr/lib/i386-linux-gnu/gcc/i686-linux-gnu/4.5.2/lto-wrapper
Target: i686-linux-gnu
Configured with: ../src/configure -v --with-pkgversion='Ubuntu/Linaro 4.5.2-8ubuntu4' --with-bugurl=file:///usr/share/doc/gcc-4.5/README.Bugs --enable-languages=c,c++,fortran,objc,obj-c++ --prefix=/usr --program-suffix=-4.5 --enable-shared --enable-multiarch --with-multiarch-defaults=i386-linux-gnu --enable-linker-build-id --with-system-zlib --libexecdir=/usr/lib/i386-linux-gnu --without-included-gettext --enable-threads=posix --with-gxx-include-dir=/usr/include/c++/4.5 --libdir=/usr/lib/i386-linux-gnu --enable-nls --with-sysroot=/ --enable-clocale=gnu --enable-libstdcxx-debug --enable-libstdcxx-time=yes --enable-plugin --enable-gold --enable-ld=default --with-plugin-ld=ld.gold --enable-objc-gc --enable-targets=all --disable-werror --with-arch-32=i686 --with-tune=generic --enable-checking=release --build=i686-linux-gnu --host=i686-linux-gnu --target=i686-linux-gnu
Thread model: posix
gcc version 4.5.2 (Ubuntu/Linaro 4.5.2-8ubuntu4) 
configure:2129: $? = 0
configure:2131: gcc -V </dev/null >&5
gcc: '-V' option must have argument
configure:2134: $? = 1
configure:2157: checking for C compiler default output file name
configure:2160: gcc    conftest.c  >&5
configure:2163: $? = 0
configure:2209: result: a.out
configure:2214: checking whether the C compiler works
configure:2220: ./a.out
configure:2223: $? = 0
configure:2240: result: yes
configure:2247: checking whether we are cross compiling
configure:2249: result: no
configure:2252: checking for suffix of executables
configure:2254: gcc -o conftest    conftest.c  >&5
configure:2257: $? = 0
configure:2282: result: 
configure:2288: checking for suffix of object files
configure:2309: gcc -c   conftest.c >&5
configure:2312: $? = 0
configure:2334: result: o
configure:2338: checking whether we are using the GNU C compiler
configure:2362: gcc -c   conftest.c >&5
configure:2368: $? = 0
configure:2371: test -z 			 || test ! -s conftest.err
configure:2374: $? = 0
configure:2377: test -s conftest.o
configure:2380: $? = 0
configure:2393: result: yes
configure:2399: checking whether gcc accepts -g
configure:2420: gcc -c -g  conftest.c >&5
configure:2426: $? = 0
configure:2429: test -z 			 || test ! -s conftest.err
configure:2432: $? = 0
configure:2435: test -s conftest.o
configure:2438: $? = 0
configure:2449: result: yes
configure:2466: checking for gcc option to accept ANSI C
configure:2536: gcc  -c -g -O2  conftest.c >&5
configure:2542: $? = 0
configure:2545: test -z 			 || test ! -s conftest.err
configure:2548: $? = 0
configure:2551: test -s conftest.o
configure:2554: $? = 0
configure:2572: result: none needed
configure:2590: gcc -c -g -O2  conftest.c >&5
conftest.c:2:9: error: expected '=', ',', ';', 'asm' or '__attribute__' before 'me'
configure:2596: $? = 1
configure: failed program was:
| #ifndef __cplusplus
|   choke me
| #endif
configure:2728: checking dependency style of gcc
configure:2811: result: gcc3
configure:2830: checking for strerror in -lcposix
configure:2860: gcc -o conftest -g -O2   conftest.c -lcposix   >&5
/usr/bin/ld: cannot find -lcposix
collect2: ld returned 1 exit status
configure:2866: $? = 1
configure: failed program was:
| /* confdefs.h.  */
| 
| #define PACKAGE_NAME "gimp-plugin-template"
| #define PACKAGE_TARNAME "gimp-plugin-template"
| #define PACKAGE_VERSION "2.2.0"
| #define PACKAGE_STRING "gimp-plugin-template 2.2.0"
| #define PACKAGE_BUGREPORT ""
| #define PLUGIN_NAME PACKAGE_NAME
| #define PLUGIN_VERSION PACKAGE_VERSION
| #define PLUGIN_MAJOR_VERSION 2
| #define PLUGIN_MINOR_VERSION 2
| #define PLUGIN_MICRO_VERSION 0
| /* end confdefs.h.  */
| 
| /* Override any gcc2 internal prototype to avoid an error.  */
| #ifdef __cplusplus
| extern "C"
| #endif
| /* We use char because int might match the return type of a gcc2
|    builtin and then its argument prototype would still apply.  */
| char strerror ();
| int
| main ()
| {
| strerror ();
|   ;
|   return 0;
| }
configure:2891: result: no
configure:2945: checking for gcc
configure:2971: result: gcc
configure:3215: checking for C compiler version
configure:3218: gcc --version </dev/null >&5
gcc (Ubuntu/Linaro 4.5.2-8ubuntu4) 4.5.2
Copyright (C) 2010 Free Software Foundation, Inc.
This is free software; see the source for copying conditions.  There is NO
warranty; not even for MERCHANTABILITY or FITNESS FOR A PARTICULAR PURPOSE.

configure:3221: $? = 0
configure:3223: gcc -v </dev/null >&5
Using built-in specs.
COLLECT_GCC=gcc
COLLECT_LTO_WRAPPER=/usr/lib/i386-linux-gnu/gcc/i686-linux-gnu/4.5.2/lto-wrapper
Target: i686-linux-gnu
Configured with: ../src/configure -v --with-pkgversion='Ubuntu/Linaro 4.5.2-8ubuntu4' --with-bugurl=file:///usr/share/doc/gcc-4.5/README.Bugs --enable-languages=c,c++,fortran,objc,obj-c++ --prefix=/usr --program-suffix=-4.5 --enable-shared --enable-multiarch --with-multiarch-defaults=i386-linux-gnu --enable-linker-build-id --with-system-zlib --libexecdir=/usr/lib/i386-linux-gnu --without-included-gettext --enable-threads=posix --with-gxx-include-dir=/usr/include/c++/4.5 --libdir=/usr/lib/i386-linux-gnu --enable-nls --with-sysroot=/ --enable-clocale=gnu --enable-libstdcxx-debug --enable-libstdcxx-time=yes --enable-plugin --enable-gold --enable-ld=default --with-plugin-ld=ld.gold --enable-objc-gc --enable-targets=all --disable-werror --with-arch-32=i686 --with-tune=generic --enable-checking=release --build=i686-linux-gnu --host=i686-linux-gnu --target=i686-linux-gnu
Thread model: posix
gcc version 4.5.2 (Ubuntu/Linaro 4.5.2-8ubuntu4) 
configure:3226: $? = 0
configure:3228: gcc -V </dev/null >&5
gcc: '-V' option must have argument
configure:3231: $? = 1
configure:3234: checking whether we are using the GNU C compiler
configure:3289: result: yes
configure:3295: checking whether gcc accepts -g
configure:3345: result: yes
configure:3362: checking for gcc option to accept ANSI C
configure:3468: result: none needed
configure:3486: gcc -c -g -O2  conftest.c >&5
conftest.c:2:9: error: expected '=', ',', ';', 'asm' or '__attribute__' before 'me'
configure:3492: $? = 1
configure: failed program was:
| #ifndef __cplusplus
|   choke me
| #endif
configure:3624: checking dependency style of gcc
configure:3707: result: gcc3
configure:3727: checking for gcc option to accept ANSI C
configure:3790: gcc  -c -g -O2  conftest.c >&5
configure:3796: $? = 0
configure:3799: test -z 			 || test ! -s conftest.err
configure:3802: $? = 0
configure:3805: test -s conftest.o
configure:3808: $? = 0
configure:3823: result: none needed
configure:3839: checking how to run the C preprocessor
configure:3874: gcc -E  conftest.c
configure:3880: $? = 0
configure:3912: gcc -E  conftest.c
conftest.c:14:28: fatal error: ac_nonexistent.h: No such file or directory
compilation terminated.
configure:3918: $? = 1
configure: failed program was:
| /* confdefs.h.  */
| 
| #define PACKAGE_NAME "gimp-plugin-template"
| #define PACKAGE_TARNAME "gimp-plugin-template"
| #define PACKAGE_VERSION "2.2.0"
| #define PACKAGE_STRING "gimp-plugin-template 2.2.0"
| #define PACKAGE_BUGREPORT ""
| #define PLUGIN_NAME PACKAGE_NAME
| #define PLUGIN_VERSION PACKAGE_VERSION
| #define PLUGIN_MAJOR_VERSION 2
| #define PLUGIN_MINOR_VERSION 2
| #define PLUGIN_MICRO_VERSION 0
| /* end confdefs.h.  */
| #include <ac_nonexistent.h>
configure:3957: result: gcc -E
configure:3981: gcc -E  conftest.c
configure:3987: $? = 0
configure:4019: gcc -E  conftest.c
conftest.c:14:28: fatal error: ac_nonexistent.h: No such file or directory
compilation terminated.
configure:4025: $? = 1
configure: failed program was:
| /* confdefs.h.  */
| 
| #define PACKAGE_NAME "gimp-plugin-template"
| #define PACKAGE_TARNAME "gimp-plugin-template"
| #define PACKAGE_VERSION "2.2.0"
| #define PACKAGE_STRING "gimp-plugin-template 2.2.0"
| #define PACKAGE_BUGREPORT ""
| #define PLUGIN_NAME PACKAGE_NAME
| #define PLUGIN_VERSION PACKAGE_VERSION
| #define PLUGIN_MAJOR_VERSION 2
| #define PLUGIN_MINOR_VERSION 2
| #define PLUGIN_MICRO_VERSION 0
| /* end confdefs.h.  */
| #include <ac_nonexistent.h>
configure:4069: checking for egrep
configure:4079: result: grep -E
configure:4084: checking for ANSI C header files
configure:4109: gcc -c -g -O2  conftest.c >&5
configure:4115: $? = 0
configure:4118: test -z 			 || test ! -s conftest.err
configure:4121: $? = 0
configure:4124: test -s conftest.o
configure:4127: $? = 0
configure:4216: gcc -o conftest -g -O2   conftest.c  >&5
conftest.c: In function 'main':
conftest.c:31:7: warning: incompatible implicit declaration of built-in function 'exit'
configure:4219: $? = 0
configure:4221: ./conftest
configure:4224: $? = 0
configure:4239: result: yes
configure:4253: checking whether to enable maintainer-specific portions of Makefiles
configure:4262: result: no
configure:4295: checking for pkg-config
configure:4313: found /usr/bin/pkg-config
configure:4326: result: /usr/bin/pkg-config
configure:4343: checking for gimp-2.0 >= 2.2.0 gimpui-2.0 >= 2.2.0
configure:4347: result: yes
configure:4351: checking GIMP_CFLAGS
configure:4354: result: -pthread -I/usr/include/glib-2.0 -I/usr/lib/i386-linux-gnu/glib-2.0/include -I/usr/include/atk-1.0 -I/usr/include/pango-1.0 -I/usr/include/gio-unix-2.0/ -I/usr/include/freetype2 -I/usr/include/libpng12 -I/usr/include/gimp-2.0 -I/usr/include/gtk-2.0 -I/usr/lib/gtk-2.0/include -I/usr/include/cairo -I/usr/include/gdk-pixbuf-2.0 -I/usr/include/pixman-1  
configure:4357: checking GIMP_LIBS
configure:4360: result: -pthread -L/usr/lib/i386-linux-gnu -lgimpui-2.0 -lgimpwidgets-2.0 -lgimpmodule-2.0 -lgimp-2.0 -lgimpmath-2.0 -lgimpconfig-2.0 -lgimpcolor-2.0 -lgimpbase-2.0 -lgtk-x11-2.0 -lgdk-x11-2.0 -latk-1.0 -lgio-2.0 -lpangoft2-1.0 -lpangocairo-1.0 -lgdk_pixbuf-2.0 -lm -lcairo -lpango-1.0 -lfreetype -lfontconfig -lgobject-2.0 -lgmodule-2.0 -lgthread-2.0 -lrt -lglib-2.0  
configure:4476: checking for perl
configure:4494: found /usr/bin/perl
configure:4506: result: /usr/bin/perl
configure:4524: checking for XML::Parser
configure:4527: result: ok
configure:4538: checking for iconv
configure:4556: found /usr/bin/iconv
configure:4569: result: /usr/bin/iconv
configure:4578: checking for msgfmt
configure:4596: found /usr/bin/msgfmt
configure:4609: result: /usr/bin/msgfmt
configure:4618: checking for msgmerge
configure:4636: found /usr/bin/msgmerge
configure:4649: result: /usr/bin/msgmerge
configure:4658: checking for xgettext
configure:4676: found /usr/bin/xgettext
configure:4689: result: /usr/bin/xgettext
configure:4751: checking for sys/types.h
configure:4767: gcc -c -g -O2 -Wall  conftest.c >&5
configure:4773: $? = 0
configure:4776: test -z 			 || test ! -s conftest.err
configure:4779: $? = 0
configure:4782: test -s conftest.o
configure:4785: $? = 0
configure:4796: result: yes
configure:4751: checking for sys/stat.h
configure:4767: gcc -c -g -O2 -Wall  conftest.c >&5
configure:4773: $? = 0
configure:4776: test -z 			 || test ! -s conftest.err
configure:4779: $? = 0
configure:4782: test -s conftest.o
configure:4785: $? = 0
configure:4796: result: yes
configure:4751: checking for stdlib.h
configure:4767: gcc -c -g -O2 -Wall  conftest.c >&5
configure:4773: $? = 0
configure:4776: test -z 			 || test ! -s conftest.err
configure:4779: $? = 0
configure:4782: test -s conftest.o
configure:4785: $? = 0
configure:4796: result: yes
configure:4751: checking for string.h
configure:4767: gcc -c -g -O2 -Wall  conftest.c >&5
configure:4773: $? = 0
configure:4776: test -z 			 || test ! -s conftest.err
configure:4779: $? = 0
configure:4782: test -s conftest.o
configure:4785: $? = 0
configure:4796: result: yes
configure:4751: checking for memory.h
configure:4767: gcc -c -g -O2 -Wall  conftest.c >&5
configure:4773: $? = 0
configure:4776: test -z 			 || test ! -s conftest.err
configure:4779: $? = 0
configure:4782: test -s conftest.o
configure:4785: $? = 0
configure:4796: result: yes
configure:4751: checking for strings.h
configure:4767: gcc -c -g -O2 -Wall  conftest.c >&5
configure:4773: $? = 0
configure:4776: test -z 			 || test ! -s conftest.err
configure:4779: $? = 0
configure:4782: test -s conftest.o
configure:4785: $? = 0
configure:4796: result: yes
configure:4751: checking for inttypes.h
configure:4767: gcc -c -g -O2 -Wall  conftest.c >&5
configure:4773: $? = 0
configure:4776: test -z 			 || test ! -s conftest.err
configure:4779: $? = 0
configure:4782: test -s conftest.o
configure:4785: $? = 0
configure:4796: result: yes
configure:4751: checking for stdint.h
configure:4767: gcc -c -g -O2 -Wall  conftest.c >&5
configure:4773: $? = 0
configure:4776: test -z 			 || test ! -s conftest.err
configure:4779: $? = 0
configure:4782: test -s conftest.o
configure:4785: $? = 0
configure:4796: result: yes
configure:4751: checking for unistd.h
configure:4767: gcc -c -g -O2 -Wall  conftest.c >&5
configure:4773: $? = 0
configure:4776: test -z 			 || test ! -s conftest.err
configure:4779: $? = 0
configure:4782: test -s conftest.o
configure:4785: $? = 0
configure:4796: result: yes
configure:4823: checking locale.h usability
configure:4835: gcc -c -g -O2 -Wall  conftest.c >&5
configure:4841: $? = 0
configure:4844: test -z 			 || test ! -s conftest.err
configure:4847: $? = 0
configure:4850: test -s conftest.o
configure:4853: $? = 0
configure:4863: result: yes
configure:4867: checking locale.h presence
configure:4877: gcc -E  conftest.c
configure:4883: $? = 0
configure:4903: result: yes
configure:4938: checking for locale.h
configure:4945: result: yes
configure:4959: checking for LC_MESSAGES
configure:4980: gcc -o conftest -g -O2 -Wall   conftest.c  >&5
configure:4986: $? = 0
configure:4989: test -z 			 || test ! -s conftest.err
configure:4992: $? = 0
configure:4995: test -s conftest
configure:4998: $? = 0
configure:5010: result: yes
configure:5039: checking libintl.h usability
configure:5051: gcc -c -g -O2 -Wall  conftest.c >&5
configure:5057: $? = 0
configure:5060: test -z 			 || test ! -s conftest.err
configure:5063: $? = 0
configure:5066: test -s conftest.o
configure:5069: $? = 0
configure:5079: result: yes
configure:5083: checking libintl.h presence
configure:5093: gcc -E  conftest.c
configure:5099: $? = 0
configure:5119: result: yes
configure:5154: checking for libintl.h
configure:5161: result: yes
configure:5172: checking for dgettext in libc
configure:5195: gcc -o conftest -g -O2 -Wall   conftest.c  >&5
configure:5201: $? = 0
configure:5204: test -z 			 || test ! -s conftest.err
configure:5207: $? = 0
configure:5210: test -s conftest
configure:5213: $? = 0
configure:5226: result: yes
configure:5234: checking for bind_textdomain_codeset
configure:5291: gcc -o conftest -g -O2 -Wall   conftest.c  >&5
configure:5297: $? = 0
configure:5300: test -z 			 || test ! -s conftest.err
configure:5303: $? = 0
configure:5306: test -s conftest
configure:5309: $? = 0
configure:5321: result: yes
configure:5689: checking for msgfmt
configure:5716: result: /usr/bin/msgfmt
configure:5729: checking for dcgettext
configure:5786: gcc -o conftest -g -O2 -Wall   conftest.c   >&5
conftest.c:53:6: warning: conflicting types for built-in function 'dcgettext'
configure:5792: $? = 0
configure:5795: test -z 			 || test ! -s conftest.err
configure:5798: $? = 0
configure:5801: test -s conftest
configure:5804: $? = 0
configure:5816: result: yes
configure:5828: checking for gmsgfmt
configure:5859: result: /usr/bin/msgfmt
configure:5868: checking for xgettext
configure:5895: result: /usr/bin/xgettext
configure:5919: gcc -o conftest -g -O2 -Wall   conftest.c   >&5
configure:5925: $? = 0
configure:5928: test -z 			 || test ! -s conftest.err
configure:5931: $? = 0
configure:5934: test -s conftest
configure:5937: $? = 0
configure:6109: checking for catalogs to be installed
configure:6134: result:  az de fr sk sv zh_TW
configure:6171: checking for bind_textdomain_codeset
configure:6258: result: yes
configure:6276: checking if GTK+ is version 2.7.0 or newer
configure:6283: result: yes
configure:6291: checking if GIMP is version 2.3.0 or newer
configure:6298: result: yes
configure:6440: creating ./config.status

## ---------------------- ##
## Running config.status. ##
## ---------------------- ##

This file was extended by gimp-plugin-template config.status 2.2.0, which was
generated by GNU Autoconf 2.59.  Invocation command line was

  CONFIG_FILES    = 
  CONFIG_HEADERS  = 
  CONFIG_LINKS    = 
  CONFIG_COMMANDS = 
  $ ./config.status 

on hurkle

config.status:785: creating Makefile
config.status:785: creating src/Makefile
config.status:785: creating po/Makefile.in
config.status:785: creating help/Makefile
config.status:785: creating help/en/Makefile
config.status:785: creating help/images/Makefile
config.status:851: creating config.h
config.status:979: config.h is unchanged
config.status:1159: executing depfiles commands
config.status:1159: executing intltool commands
config.status:1159: executing default-1 commands

## ---------------- ##
## Cache variables. ##
## ---------------- ##

ac_cv_c_compiler_gnu=yes
ac_cv_env_CC_set=
ac_cv_env_CC_value=
ac_cv_env_CFLAGS_set=
ac_cv_env_CFLAGS_value=
ac_cv_env_CPPFLAGS_set=
ac_cv_env_CPPFLAGS_value=
ac_cv_env_CPP_set=
ac_cv_env_CPP_value=
ac_cv_env_LDFLAGS_set=
ac_cv_env_LDFLAGS_value=
ac_cv_env_build_alias_set=
ac_cv_env_build_alias_value=
ac_cv_env_host_alias_set=
ac_cv_env_host_alias_value=
ac_cv_env_target_alias_set=
ac_cv_env_target_alias_value=
ac_cv_exeext=
ac_cv_func_bind_textdomain_codeset=yes
ac_cv_func_dcgettext=yes
ac_cv_header_inttypes_h=yes
ac_cv_header_libintl_h=yes
ac_cv_header_locale_h=yes
ac_cv_header_memory_h=yes
ac_cv_header_stdc=yes
ac_cv_header_stdint_h=yes
ac_cv_header_stdlib_h=yes
ac_cv_header_string_h=yes
ac_cv_header_strings_h=yes
ac_cv_header_sys_stat_h=yes
ac_cv_header_sys_types_h=yes
ac_cv_header_unistd_h=yes
ac_cv_lib_cposix_strerror=no
ac_cv_objext=o
ac_cv_path_GMSGFMT=/usr/bin/msgfmt
ac_cv_path_ICONV=/usr/bin/iconv
ac_cv_path_INTLTOOL_PERL=/usr/bin/perl
ac_cv_path_MSGFMT=/usr/bin/msgfmt
ac_cv_path_MSGMERGE=/usr/bin/msgmerge
ac_cv_path_PKG_CONFIG=/usr/bin/pkg-config
ac_cv_path_XGETTEXT=/usr/bin/xgettext
ac_cv_path_install='/usr/bin/install -c'
ac_cv_prog_AWK=mawk
ac_cv_prog_CPP='gcc -E'
ac_cv_prog_ac_ct_CC=gcc
ac_cv_prog_cc_g=yes
ac_cv_prog_cc_stdc=
ac_cv_prog_egrep='grep -E'
ac_cv_prog_make_make_set=yes
am_cv_CC_dependencies_compiler_type=gcc3
am_cv_prog_cc_stdc=
am_cv_val_LC_MESSAGES=yes
gt_cv_func_dgettext_libc=yes
gt_cv_func_dgettext_libintl=no
gt_cv_have_gettext=yes

## ----------------- ##
## Output variables. ##
## ----------------- ##

ACLOCAL='${SHELL} /home/rehana/projects/deblur/gimp-plugin-template-2.2.0/missing --run aclocal-1.7 '
AMDEPBACKSLASH='\'
AMDEP_FALSE='#'
AMDEP_TRUE=''
AMTAR='${SHELL} /home/rehana/projects/deblur/gimp-plugin-template-2.2.0/missing --run tar'
AUTOCONF='${SHELL} /home/rehana/projects/deblur/gimp-plugin-template-2.2.0/missing --run autoconf'
AUTOHEADER='${SHELL} /home/rehana/projects/deblur/gimp-plugin-template-2.2.0/missing --run autoheader'
AUTOMAKE='${SHELL} /home/rehana/projects/deblur/gimp-plugin-template-2.2.0/missing --run automake-1.7'
AWK='mawk'
CATALOGS=' az.gmo de.gmo fr.gmo sk.gmo sv.gmo zh_TW.gmo'
CATOBJEXT='.gmo'
CC='gcc'
CCDEPMODE='depmode=gcc3'
CFLAGS='-g -O2 -Wall'
CPP='gcc -E'
CPPFLAGS=''
CYGPATH_W='echo'
DATADIR='${datadir}/gimp-plugin-template'
DATADIRNAME='share'
DEFS='-DHAVE_CONFIG_H'
DEPDIR='.deps'
ECHO_C=''
ECHO_N='-n'
ECHO_T=''
EGREP='grep -E'
EXEEXT=''
GETTEXT_PACKAGE='gimp20-plugin-template'
GIMP_CFLAGS='-pthread -I/usr/include/glib-2.0 -I/usr/lib/i386-linux-gnu/glib-2.0/include -I/usr/include/atk-1.0 -I/usr/include/pango-1.0 -I/usr/include/gio-unix-2.0/ -I/usr/include/freetype2 -I/usr/include/libpng12 -I/usr/include/gimp-2.0 -I/usr/include/gtk-2.0 -I/usr/lib/gtk-2.0/include -I/usr/include/cairo -I/usr/include/gdk-pixbuf-2.0 -I/usr/include/pixman-1  '
GIMP_LIBDIR='/usr/lib/gimp/2.0'
GIMP_LIBS='-pthread -L/usr/lib/i386-linux-gnu -lgimpui-2.0 -lgimpwidgets-2.0 -lgimpmodule-2.0 -lgimp-2.0 -lgimpmath-2.0 -lgimpconfig-2.0 -lgimpcolor-2.0 -lgimpbase-2.0 -lgtk-x11-2.0 -lgdk-x11-2.0 -latk-1.0 -lgio-2.0 -lpangoft2-1.0 -lpangocairo-1.0 -lgdk_pixbuf-2.0 -lm -lcairo -lpango-1.0 -lfreetype -lfontconfig -lgobject-2.0 -lgmodule-2.0 -lgthread-2.0 -lrt -lglib-2.0  '
GMOFILES=' az.gmo de.gmo fr.gmo sk.gmo sv.gmo zh_TW.gmo'
GMSGFMT='/usr/bin/msgfmt'
ICONV='/usr/bin/iconv'
INSTALL_DATA='${INSTALL} -m 644'
INSTALL_PROGRAM='${INSTALL}'
INSTALL_SCRIPT='${INSTALL}'
INSTALL_STRIP_PROGRAM='${SHELL} $(install_sh) -c -s'
INSTOBJEXT='.mo'
INTLLIBS=''
INTLTOOL_CAVES_RULE='%.caves:     %.caves.in     $(INTLTOOL_MERGE) $(wildcard $(top_srcdir)/po/*.po) ; LC_ALL=C $(INTLTOOL_MERGE) -d -u -c $(top_builddir)/po/.intltool-merge-cache $(top_srcdir)/po $< $@'
INTLTOOL_DESKTOP_RULE='%.desktop:   %.desktop.in   $(INTLTOOL_MERGE) $(wildcard $(top_srcdir)/po/*.po) ; LC_ALL=C $(INTLTOOL_MERGE) -d -u -c $(top_builddir)/po/.intltool-merge-cache $(top_srcdir)/po $< $@'
INTLTOOL_DIRECTORY_RULE='%.directory: %.directory.in $(INTLTOOL_MERGE) $(wildcard $(top_srcdir)/po/*.po) ; LC_ALL=C $(INTLTOOL_MERGE) -d -u -c $(top_builddir)/po/.intltool-merge-cache $(top_srcdir)/po $< $@'
INTLTOOL_EXTRACT='$(top_builddir)/intltool-extract'
INTLTOOL_KBD_RULE='%.kbd:       %.kbd.in       $(INTLTOOL_MERGE) $(wildcard $(top_srcdir)/po/*.po) ; LC_ALL=C $(INTLTOOL_MERGE) -x -u -m -c $(top_builddir)/po/.intltool-merge-cache $(top_srcdir)/po $< $@'
INTLTOOL_KEYS_RULE='%.keys:      %.keys.in      $(INTLTOOL_MERGE) $(wildcard $(top_srcdir)/po/*.po) ; LC_ALL=C $(INTLTOOL_MERGE) -k -u -c $(top_builddir)/po/.intltool-merge-cache $(top_srcdir)/po $< $@'
INTLTOOL_MERGE='$(top_builddir)/intltool-merge'
INTLTOOL_OAF_RULE='%.oaf:       %.oaf.in       $(INTLTOOL_MERGE) $(wildcard $(top_srcdir)/po/*.po) ; LC_ALL=C $(INTLTOOL_MERGE) -o -p $(top_srcdir)/po $< $@'
INTLTOOL_PERL='/usr/bin/perl'
INTLTOOL_PONG_RULE='%.pong:      %.pong.in      $(INTLTOOL_MERGE) $(wildcard $(top_srcdir)/po/*.po) ; LC_ALL=C $(INTLTOOL_MERGE) -x -u -c $(top_builddir)/po/.intltool-merge-cache $(top_srcdir)/po $< $@'
INTLTOOL_PROP_RULE='%.prop:      %.prop.in      $(INTLTOOL_MERGE) $(wildcard $(top_srcdir)/po/*.po) ; LC_ALL=C $(INTLTOOL_MERGE) -d -u -c $(top_builddir)/po/.intltool-merge-cache $(top_srcdir)/po $< $@'
INTLTOOL_SCHEMAS_RULE='%.schemas:   %.schemas.in   $(INTLTOOL_MERGE) $(wildcard $(top_srcdir)/po/*.po) ; LC_ALL=C $(INTLTOOL_MERGE) -s -u -c $(top_builddir)/po/.intltool-merge-cache $(top_srcdir)/po $< $@'
INTLTOOL_SERVER_RULE='%.server:    %.server.in    $(INTLTOOL_MERGE) $(wildcard $(top_srcdir)/po/*.po) ; LC_ALL=C $(INTLTOOL_MERGE) -o -u -c $(top_builddir)/po/.intltool-merge-cache $(top_srcdir)/po $< $@'
INTLTOOL_SHEET_RULE='%.sheet:     %.sheet.in     $(INTLTOOL_MERGE) $(wildcard $(top_srcdir)/po/*.po) ; LC_ALL=C $(INTLTOOL_MERGE) -x -u -c $(top_builddir)/po/.intltool-merge-cache $(top_srcdir)/po $< $@'
INTLTOOL_SOUNDLIST_RULE='%.soundlist: %.soundlist.in $(INTLTOOL_MERGE) $(wildcard $(top_srcdir)/po/*.po) ; LC_ALL=C $(INTLTOOL_MERGE) -d -u -c $(top_builddir)/po/.intltool-merge-cache $(top_srcdir)/po $< $@'
INTLTOOL_THEME_RULE='%.theme:     %.theme.in     $(INTLTOOL_MERGE) $(wildcard $(top_srcdir)/po/*.po) ; LC_ALL=C $(INTLTOOL_MERGE) -d -u -c $(top_builddir)/po/.intltool-merge-cache $(top_srcdir)/po $< $@'
INTLTOOL_UI_RULE='%.ui:        %.ui.in        $(INTLTOOL_MERGE) $(wildcard $(top_srcdir)/po/*.po) ; LC_ALL=C $(INTLTOOL_MERGE) -x -u -c $(top_builddir)/po/.intltool-merge-cache $(top_srcdir)/po $< $@'
INTLTOOL_UPDATE='$(top_builddir)/intltool-update'
INTLTOOL_XAM_RULE='%.xam:       %.xml.in       $(INTLTOOL_MERGE) $(wildcard $(top_srcdir)/po/*.po) ; LC_ALL=C $(INTLTOOL_MERGE) -x -u -c $(top_builddir)/po/.intltool-merge-cache $(top_srcdir)/po $< $@'
INTLTOOL_XML_NOMERGE_RULE='%.xml:       %.xml.in       $(INTLTOOL_MERGE) ; LC_ALL=C $(INTLTOOL_MERGE) -x -u /tmp $< $@'
INTLTOOL_XML_RULE='%.xml:       %.xml.in       $(INTLTOOL_MERGE) $(wildcard $(top_srcdir)/po/*.po) ; LC_ALL=C $(INTLTOOL_MERGE) -x -u -c $(top_builddir)/po/.intltool-merge-cache $(top_srcdir)/po $< $@'
LDFLAGS=''
LIBOBJS=''
LIBS=''
LOCALEDIR='${datadir}/locale'
LTLIBOBJS=''
MAINT='#'
MAINTAINER_MODE_FALSE=''
MAINTAINER_MODE_TRUE='#'
MAKEINFO='${SHELL} /home/rehana/projects/deblur/gimp-plugin-template-2.2.0/missing --run makeinfo'
MKINSTALLDIRS='./mkinstalldirs'
MSGFMT='/usr/bin/msgfmt'
MSGMERGE='/usr/bin/msgmerge'
OBJEXT='o'
PACKAGE='gimp-plugin-template'
PACKAGE_BUGREPORT=''
PACKAGE_NAME='gimp-plugin-template'
PACKAGE_STRING='gimp-plugin-template 2.2.0'
PACKAGE_TARNAME='gimp-plugin-template'
PACKAGE_VERSION='2.2.0'
PATH_SEPARATOR=':'
PKG_CONFIG='/usr/bin/pkg-config'
POFILES=' az.po de.po fr.po sk.po sv.po zh_TW.po'
POSUB='po'
PO_IN_DATADIR_FALSE=''
PO_IN_DATADIR_TRUE=''
SET_MAKE=''
SHELL='/bin/bash'
STRIP=''
USE_NLS='yes'
VERSION='2.2.0'
XGETTEXT='/usr/bin/xgettext'
ac_ct_CC='gcc'
ac_ct_STRIP=''
am__fastdepCC_FALSE='#'
am__fastdepCC_TRUE=''
am__include='include'
am__leading_dot='.'
am__quote=''
bindir='${exec_prefix}/bin'
build_alias=''
datadir='${prefix}/share'
exec_prefix='${prefix}'
host_alias=''
includedir='${prefix}/include'
infodir='${prefix}/info'
install_sh='/home/rehana/projects/deblur/gimp-plugin-template-2.2.0/install-sh'
libdir='${exec_prefix}/lib'
libexecdir='${exec_prefix}/libexec'
localstatedir='${prefix}/var'
mandir='${prefix}/man'
mkdir_p='mkdir -p -- .'
oldincludedir='/usr/include'
prefix='/usr/local'
program_transform_name='s,x,x,'
sbindir='${exec_prefix}/sbin'
sharedstatedir='${prefix}/com'
sysconfdir='${prefix}/etc'
target_alias=''

## ----------- ##
## confdefs.h. ##
## ----------- ##

#define ENABLE_NLS 1
#define GETTEXT_PACKAGE "gimp20-plugin-template"
#define HAVE_BIND_TEXTDOMAIN_CODESET 1
#define HAVE_BIND_TEXTDOMAIN_CODESET 1
#define HAVE_DCGETTEXT 1
#define HAVE_GETTEXT 1
#define HAVE_INTTYPES_H 1
#define HAVE_LC_MESSAGES 1
#define HAVE_LOCALE_H 1
#define HAVE_MEMORY_H 1
#define HAVE_STDINT_H 1
#define HAVE_STDLIB_H 1
#define HAVE_STRINGS_H 1
#define HAVE_STRING_H 1
#define HAVE_SYS_STAT_H 1
#define HAVE_SYS_TYPES_H 1
#define HAVE_UNISTD_H 1
#define PACKAGE_BUGREPORT ""
#define PACKAGE_NAME "gimp-plugin-template"
#define PACKAGE_STRING "gimp-plugin-template 2.2.0"
#define PACKAGE_TARNAME "gimp-plugin-template"
#define PACKAGE_VERSION "2.2.0"
#define PLUGIN_MAJOR_VERSION 2
#define PLUGIN_MICRO_VERSION 0
#define PLUGIN_MINOR_VERSION 2
#define PLUGIN_NAME PACKAGE_NAME
#define PLUGIN_VERSION PACKAGE_VERSION
#define STDC_HEADERS 1

configure: exit 0
